  Scanning sources for module dependencies...
  blocks.cpp
C:\dev\c++\OpenGL\projects\terrariaClone\project\terrariaClone\include\ui.h(10,1): warning C4005: 'uiCfunctionArguments': macro redefinition
C:\dev\c++\OpenGL\projects\terrariaClone\project\terrariaClone\include\componentsystems.h(190): message : see previous definition of 'uiCfunctionArguments'
C:\dev\c++\OpenGL\projects\terrariaClone\project\terrariaClone\src\blocks.cpp(266,34): warning C4267: 'initializing': conversion from 'size_t' to 'int', possible loss of data
C:\dev\c++\OpenGL\projects\terrariaClone\project\terrariaClone\src\blocks.cpp(576,17): warning C4244: 'initializing': conversion from 'T' to 'int', possible loss of data
          with
          [
              T=float
          ]
C:\dev\c++\OpenGL\projects\terrariaClone\project\terrariaClone\src\blocks.cpp(600,2): warning C4267: 'return': conversion from 'size_t' to 'int', possible loss of data
C:\dev\c++\OpenGL\projects\terrariaClone\project\terrariaClone\src\blocks.cpp(756,65): warning C4244: 'argument': conversion from 'float' to 'int', possible loss of data
C:\dev\c++\OpenGL\projects\terrariaClone\project\terrariaClone\src\blocks.cpp(977,21): warning C4244: 'initializing': conversion from 'float' to 'int', possible loss of data
C:\dev\c++\OpenGL\projects\terrariaClone\project\terrariaClone\src\blocks.cpp(983,14): warning C4244: 'initializing': conversion from 'float' to 'int', possible loss of data
C:\dev\c++\OpenGL\projects\terrariaClone\project\terrariaClone\src\blocks.cpp(984,31): warning C4244: '*=': conversion from 'float' to 'int', possible loss of data
C:\dev\c++\OpenGL\projects\terrariaClone\project\terrariaClone\include\ECS\components.h(101,1): warning C4267: 'initializing': conversion from 'size_t' to 'int', possible loss of data
C:\dev\c++\OpenGL\projects\terrariaClone\project\terrariaClone\include\ECS\components.h(98): message : while compiling class template member function 'void ComponentArray<particleEmmiterC>::EntityDestroyed(int)'
C:\Program Files\Microsoft Visual Studio\2022\Professional\VC\Tools\MSVC\14.32.31326\include\type_traits(327): message : see reference to class template instantiation 'ComponentArray<particleEmmiterC>' being compiled
C:\Program Files\Microsoft Visual Studio\2022\Professional\VC\Tools\MSVC\14.32.31326\include\memory(1443): message : see reference to class template instantiation 'std::is_convertible<_Yty *,_Ty *>' being compiled
          with
          [
              _Yty=ComponentArray<particleEmmiterC>,
              _Ty=ComponentArrayBase
          ]
C:\dev\c++\OpenGL\projects\terrariaClone\project\terrariaClone\include\componentsystems.h(373): message : see reference to class template instantiation 'std::_SP_pointer_compatible<ComponentArray<particleEmmiterC>,ComponentArrayBase>' being compiled
C:\dev\c++\OpenGL\projects\terrariaClone\project\terrariaClone\include\ECS\components.h(72,1): warning C4267: 'return': conversion from 'size_t' to 'int', possible loss of data
C:\dev\c++\OpenGL\projects\terrariaClone\project\terrariaClone\include\ECS\components.h(65): message : while compiling class template member function 'int ComponentArray<particleEmmiterC>::addComponent(int,T)'
          with
          [
              T=particleEmmiterC
          ]
C:\dev\c++\OpenGL\projects\terrariaClone\project\terrariaClone\include\ECS\systems.h(38): message : see reference to function template instantiation 'int ComponentArray<particleEmmiterC>::addComponent(int,T)' being compiled
          with
          [
              T=particleEmmiterC
          ]
C:\Program Files\Microsoft Visual Studio\2022\Professional\VC\Tools\MSVC\14.32.31326\include\utility(190,48): warning C4267: 'initializing': conversion from 'size_t' to '_Ty2', possible loss of data
          with
          [
              _Ty2=int
          ]
C:\dev\c++\OpenGL\projects\terrariaClone\project\terrariaClone\include\ECS\components.h(70): message : see reference to function template instantiation 'std::pair<_Kty,_Ty>::pair<int&,unsigned __int64,0>(_Other1,_Other2 &&) noexcept' being compiled
          with
          [
              _Kty=int,
              _Ty=int,
              _Other1=int &,
              _Other2=unsigned __int64
          ]
C:\dev\c++\OpenGL\projects\terrariaClone\project\terrariaClone\include\ECS\components.h(70): message : see reference to function template instantiation 'std::pair<_Kty,_Ty>::pair<int&,unsigned __int64,0>(_Other1,_Other2 &&) noexcept' being compiled
          with
          [
              _Kty=int,
              _Ty=int,
              _Other1=int &,
              _Other2=unsigned __int64
          ]
C:\dev\c++\OpenGL\projects\terrariaClone\project\terrariaClone\include\ECS\components.h(65): message : while compiling class template member function 'int ComponentArray<particleEmmiterC>::addComponent(int,T)'
          with
          [
              T=particleEmmiterC
          ]
C:\dev\c++\OpenGL\projects\terrariaClone\project\terrariaClone\include\ECS\systems.h(38): message : see reference to function template instantiation 'int ComponentArray<particleEmmiterC>::addComponent(int,T)' being compiled
          with
          [
              T=particleEmmiterC
          ]
C:\Program Files\Microsoft Visual Studio\2022\Professional\VC\Tools\MSVC\14.32.31326\include\utility(190,48): warning C4267: 'initializing': conversion from 'size_t' to '_Ty1', possible loss of data
          with
          [
              _Ty1=int
          ]
C:\dev\c++\OpenGL\projects\terrariaClone\project\terrariaClone\include\ECS\components.h(71): message : see reference to function template instantiation 'std::pair<_Kty,_Ty>::pair<unsigned __int64,int&,0>(_Other1 &&,_Other2) noexcept' being compiled
          with
          [
              _Kty=int,
              _Ty=int,
              _Other1=unsigned __int64,
              _Other2=int &
          ]
C:\dev\c++\OpenGL\projects\terrariaClone\project\terrariaClone\include\ECS\components.h(71): message : see reference to function template instantiation 'std::pair<_Kty,_Ty>::pair<unsigned __int64,int&,0>(_Other1 &&,_Other2) noexcept' being compiled
          with
          [
              _Kty=int,
              _Ty=int,
              _Other1=unsigned __int64,
              _Other2=int &
          ]
  terrariaClone.vcxproj -> C:\dev\c++\OpenGL\projects\terrariaClone\project\x64\Debug\terrariaClone.exe
