c:\dev\c++\opengl\projects\terrariaclone\project\terrariaclone\x64\release\vc143.pdb
c:\dev\c++\opengl\projects\terrariaclone\project\terrariaclone\x64\release\particles.obj
c:\dev\c++\opengl\projects\terrariaclone\project\terrariaclone\x64\release\mobfunctions.obj
c:\dev\c++\opengl\projects\terrariaclone\project\terrariaclone\x64\release\map.obj
c:\dev\c++\opengl\projects\terrariaclone\project\terrariaclone\x64\release\liquids.obj
c:\dev\c++\opengl\projects\terrariaclone\project\terrariaclone\x64\release\layers.obj
c:\dev\c++\opengl\projects\terrariaclone\project\terrariaclone\x64\release\items.obj
c:\dev\c++\opengl\projects\terrariaclone\project\terrariaclone\x64\release\input.obj
c:\dev\c++\opengl\projects\terrariaclone\project\terrariaclone\x64\release\globals.obj
c:\dev\c++\opengl\projects\terrariaclone\project\terrariaclone\x64\release\gameloop.obj
c:\dev\c++\opengl\projects\terrariaclone\project\terrariaclone\x64\release\game.obj
c:\dev\c++\opengl\projects\terrariaclone\project\terrariaclone\x64\release\enemies.obj
c:\dev\c++\opengl\projects\terrariaclone\project\terrariaclone\x64\release\componentsystems.obj
c:\dev\c++\opengl\projects\terrariaclone\project\terrariaclone\x64\release\camera.obj
c:\dev\c++\opengl\projects\terrariaclone\project\terrariaclone\x64\release\buffs.obj
c:\dev\c++\opengl\projects\terrariaclone\project\terrariaclone\x64\release\blocks.obj
c:\dev\c++\opengl\projects\terrariaclone\project\terrariaclone\x64\release\background.obj
c:\dev\c++\opengl\projects\terrariaclone\project\terrariaclone\x64\release\animations.obj
c:\dev\c++\opengl\projects\terrariaclone\project\terrariaclone\x64\release\source.obj
c:\dev\c++\opengl\projects\terrariaclone\project\terrariaclone\x64\release\systems.obj
c:\dev\c++\opengl\projects\terrariaclone\project\terrariaclone\x64\release\ecs.obj
c:\dev\c++\opengl\projects\terrariaclone\project\terrariaclone\x64\release\utils.obj
c:\dev\c++\opengl\projects\terrariaclone\project\terrariaclone\x64\release\ui.obj
c:\dev\c++\opengl\projects\terrariaclone\project\terrariaclone\x64\release\startmenu.obj
c:\dev\c++\opengl\projects\terrariaclone\project\terrariaclone\x64\release\resources.obj
c:\dev\c++\opengl\projects\terrariaclone\project\terrariaclone\x64\release\player.obj
c:\dev\c++\opengl\projects\terrariaclone\project\terrariaclone\x64\release\components.obj
c:\dev\c++\opengl\projects\terrariaclone\project\terrariaclone\x64\release\sounds.obj
c:\dev\c++\opengl\projects\terrariaclone\project\terrariaclone\x64\release\noise.obj
c:\dev\c++\opengl\projects\terrariaclone\project\terrariaclone\x64\release\stb_image.obj
c:\dev\c++\opengl\projects\terrariaclone\project\terrariaclone\x64\release\glm.obj
c:\dev\c++\opengl\projects\terrariaclone\project\terrariaclone\x64\release\text.obj
c:\dev\c++\opengl\projects\terrariaclone\project\terrariaclone\x64\release\textures.obj
c:\dev\c++\opengl\projects\terrariaclone\project\terrariaclone\x64\release\glad.obj
c:\dev\c++\opengl\projects\terrariaclone\project\terrariaclone\x64\release\components.h.ifc
c:\dev\c++\opengl\projects\terrariaclone\project\terrariaclone\x64\release\components.h.ifc.d.json
c:\dev\c++\opengl\projects\terrariaclone\project\terrariaclone\x64\release\components.h.obj
c:\dev\c++\opengl\projects\terrariaclone\project\x64\release\terrariaclone.exe
c:\dev\c++\opengl\projects\terrariaclone\project\x64\release\terrariaclone.pdb
c:\dev\c++\opengl\projects\terrariaclone\project\terrariaclone\x64\release\terrariaclone.iobj
c:\dev\c++\opengl\projects\terrariaclone\project\terrariaclone\x64\release\components.h.module.json
c:\dev\c++\opengl\projects\terrariaclone\project\terrariaclone\x64\release\terrariaclone.ipdb
c:\dev\c++\opengl\projects\terrariaclone\project\terrariaclone\x64\release\terrariaclone.tlog\cl.command.1.tlog
c:\dev\c++\opengl\projects\terrariaclone\project\terrariaclone\x64\release\terrariaclone.tlog\cl.read.1.tlog
c:\dev\c++\opengl\projects\terrariaclone\project\terrariaclone\x64\release\terrariaclone.tlog\cl.write.1.tlog
c:\dev\c++\opengl\projects\terrariaclone\project\terrariaclone\x64\release\terrariaclone.tlog\link.command.1.tlog
c:\dev\c++\opengl\projects\terrariaclone\project\terrariaclone\x64\release\terrariaclone.tlog\link.read.1.tlog
c:\dev\c++\opengl\projects\terrariaclone\project\terrariaclone\x64\release\terrariaclone.tlog\link.write.1.tlog
c:\dev\c++\opengl\projects\terrariaclone\project\terrariaclone\x64\release\terrariaclone_md.tlog\cl.command.1.tlog
c:\dev\c++\opengl\projects\terrariaclone\project\terrariaclone\x64\release\terrariaclone_md.tlog\microsoft.build.cpptasks.cl.read.1.tlog
c:\dev\c++\opengl\projects\terrariaclone\project\terrariaclone\x64\release\terrariaclone_md.tlog\microsoft.build.cpptasks.cl.write.1.tlog
